0 info it worked if it ends with ok
1 verbose cli [ '/usr/local/Cellar/node/0.10.24/bin/node',
1 verbose cli   '/usr/local/bin/npm',
1 verbose cli   'install',
1 verbose cli   'ios-sim',
1 verbose cli   '-g' ]
2 info using npm@1.3.21
3 info using node@v0.10.24
4 verbose cache add [ 'ios-sim', null ]
5 verbose cache add name=undefined spec="ios-sim" args=["ios-sim",null]
6 verbose parsed url { protocol: null,
6 verbose parsed url   slashes: null,
6 verbose parsed url   auth: null,
6 verbose parsed url   host: null,
6 verbose parsed url   port: null,
6 verbose parsed url   hostname: null,
6 verbose parsed url   hash: null,
6 verbose parsed url   search: null,
6 verbose parsed url   query: null,
6 verbose parsed url   pathname: 'ios-sim',
6 verbose parsed url   path: 'ios-sim',
6 verbose parsed url   href: 'ios-sim' }
7 silly lockFile 6af69284-ios-sim ios-sim
8 verbose lock ios-sim /Users/nicholasbond/.npm/6af69284-ios-sim.lock
9 silly lockFile 6af69284-ios-sim ios-sim
10 silly lockFile 6af69284-ios-sim ios-sim
11 verbose addNamed [ 'ios-sim', '' ]
12 verbose addNamed [ null, '*' ]
13 silly lockFile 03dce7cc-ios-sim ios-sim@
14 verbose lock ios-sim@ /Users/nicholasbond/.npm/03dce7cc-ios-sim.lock
15 silly addNameRange { name: 'ios-sim', range: '*', hasData: false }
16 verbose url raw ios-sim
17 verbose url resolving [ 'https://registry.npmjs.org/', './ios-sim' ]
18 verbose url resolved https://registry.npmjs.org/ios-sim
19 info trying registry request attempt 1 at 14:50:39
20 http GET https://registry.npmjs.org/ios-sim
21 http 200 https://registry.npmjs.org/ios-sim
22 silly registry.get cb [ 200,
22 silly registry.get   { date: 'Thu, 16 Jan 2014 20:50:41 GMT',
22 silly registry.get     server: 'CouchDB/1.5.0 (Erlang OTP/R15B03)',
22 silly registry.get     etag: '"DW10DVMOUCM1455QNVMX0SJNL"',
22 silly registry.get     'content-type': 'application/json',
22 silly registry.get     'content-length': '9749',
22 silly registry.get     'accept-ranges': 'bytes',
22 silly registry.get     via: '1.1 varnish',
22 silly registry.get     age: '0',
22 silly registry.get     'x-served-by': 'cache-c31-CHI',
22 silly registry.get     'x-cache': 'MISS',
22 silly registry.get     'x-cache-hits': '0',
22 silly registry.get     'x-timer': 'S1389905441.668538570,VS0,VE59',
22 silly registry.get     vary: 'Accept',
22 silly registry.get     'keep-alive': 'timeout=10, max=50',
22 silly registry.get     connection: 'Keep-Alive' } ]
23 silly addNameRange number 2 { name: 'ios-sim', range: '*', hasData: true }
24 silly addNameRange versions [ 'ios-sim', [ '1.8.0', '1.8.1', '1.8.2' ] ]
25 verbose addNamed [ 'ios-sim', '1.8.2' ]
26 verbose addNamed [ '1.8.2', '1.8.2' ]
27 silly lockFile 6feb539f-ios-sim-1-8-2 ios-sim@1.8.2
28 verbose lock ios-sim@1.8.2 /Users/nicholasbond/.npm/6feb539f-ios-sim-1-8-2.lock
29 silly lockFile d30bfba7-js-org-ios-sim-ios-sim-1-8-2-tgz https://registry.npmjs.org/ios-sim/-/ios-sim-1.8.2.tgz
30 verbose lock https://registry.npmjs.org/ios-sim/-/ios-sim-1.8.2.tgz /Users/nicholasbond/.npm/d30bfba7-js-org-ios-sim-ios-sim-1-8-2-tgz.lock
31 verbose addRemoteTarball [ 'https://registry.npmjs.org/ios-sim/-/ios-sim-1.8.2.tgz',
31 verbose addRemoteTarball   '43978d6ca2628f51689486cc92704c212a86d7e0' ]
32 info retry fetch attempt 1 at 14:50:41
33 verbose fetch to= /Users/nicholasbond/tmp/npm-40057-6B771bG9/1389905441836-0.5556479808874428/tmp.tgz
34 http GET https://registry.npmjs.org/ios-sim/-/ios-sim-1.8.2.tgz
35 http 200 https://registry.npmjs.org/ios-sim/-/ios-sim-1.8.2.tgz
36 verbose tar unpack /Users/nicholasbond/tmp/npm-40057-6B771bG9/1389905441836-0.5556479808874428/tmp.tgz
37 silly lockFile 8e9ad059-41836-0-5556479808874428-package tar:///Users/nicholasbond/tmp/npm-40057-6B771bG9/1389905441836-0.5556479808874428/package
38 verbose lock tar:///Users/nicholasbond/tmp/npm-40057-6B771bG9/1389905441836-0.5556479808874428/package /Users/nicholasbond/.npm/8e9ad059-41836-0-5556479808874428-package.lock
39 silly lockFile 3ad51e0a-41836-0-5556479808874428-tmp-tgz tar:///Users/nicholasbond/tmp/npm-40057-6B771bG9/1389905441836-0.5556479808874428/tmp.tgz
40 verbose lock tar:///Users/nicholasbond/tmp/npm-40057-6B771bG9/1389905441836-0.5556479808874428/tmp.tgz /Users/nicholasbond/.npm/3ad51e0a-41836-0-5556479808874428-tmp-tgz.lock
41 silly gunzTarPerm modes [ '755', '644' ]
42 silly gunzTarPerm extractEntry package.json
43 silly gunzTarPerm extractEntry .npmignore
44 silly gunzTarPerm extractEntry README.md
45 silly gunzTarPerm extractEntry LICENSE
46 silly gunzTarPerm extractEntry README.template.md
47 silly gunzTarPerm extractEntry Rakefile
48 silly gunzTarPerm extractEntry iPhoneSimulatorRemoteClient/iPhoneSimulatorRemoteClient.h
49 silly gunzTarPerm extractEntry ios-sim.xcconfig
50 silly gunzTarPerm extractEntry ios-sim.xcodeproj/.npmignore
51 silly gunzTarPerm extractEntry ios-sim.xcodeproj/project.pbxproj
52 silly gunzTarPerm extractEntry ios-sim_Prefix.pch
53 silly gunzTarPerm extractEntry Source/.npmignore
54 silly gunzTarPerm extractEntry Source/NSString+expandPath.h
55 silly gunzTarPerm extractEntry Source/NSString+expandPath.m
56 silly gunzTarPerm extractEntry Source/iPhoneSimulator.h
57 silly gunzTarPerm extractEntry Source/iPhoneSimulator.m
58 silly gunzTarPerm extractEntry Source/main.m
59 silly gunzTarPerm extractEntry Source/nsprintf.h
60 silly gunzTarPerm extractEntry Source/nsprintf.m
61 silly gunzTarPerm extractEntry Source/version.h
62 silly lockFile 8e9ad059-41836-0-5556479808874428-package tar:///Users/nicholasbond/tmp/npm-40057-6B771bG9/1389905441836-0.5556479808874428/package
63 silly lockFile 8e9ad059-41836-0-5556479808874428-package tar:///Users/nicholasbond/tmp/npm-40057-6B771bG9/1389905441836-0.5556479808874428/package
64 silly lockFile 3ad51e0a-41836-0-5556479808874428-tmp-tgz tar:///Users/nicholasbond/tmp/npm-40057-6B771bG9/1389905441836-0.5556479808874428/tmp.tgz
65 silly lockFile 3ad51e0a-41836-0-5556479808874428-tmp-tgz tar:///Users/nicholasbond/tmp/npm-40057-6B771bG9/1389905441836-0.5556479808874428/tmp.tgz
66 verbose tar pack [ '/Users/nicholasbond/.npm/ios-sim/1.8.2/package.tgz',
66 verbose tar pack   '/Users/nicholasbond/tmp/npm-40057-6B771bG9/1389905441836-0.5556479808874428/package' ]
67 verbose tarball /Users/nicholasbond/.npm/ios-sim/1.8.2/package.tgz
68 verbose folder /Users/nicholasbond/tmp/npm-40057-6B771bG9/1389905441836-0.5556479808874428/package
69 silly lockFile 8e9ad059-41836-0-5556479808874428-package tar:///Users/nicholasbond/tmp/npm-40057-6B771bG9/1389905441836-0.5556479808874428/package
70 verbose lock tar:///Users/nicholasbond/tmp/npm-40057-6B771bG9/1389905441836-0.5556479808874428/package /Users/nicholasbond/.npm/8e9ad059-41836-0-5556479808874428-package.lock
71 silly lockFile 88b0bb02-nd-npm-ios-sim-1-8-2-package-tgz tar:///Users/nicholasbond/.npm/ios-sim/1.8.2/package.tgz
72 verbose lock tar:///Users/nicholasbond/.npm/ios-sim/1.8.2/package.tgz /Users/nicholasbond/.npm/88b0bb02-nd-npm-ios-sim-1-8-2-package-tgz.lock
73 silly lockFile 8e9ad059-41836-0-5556479808874428-package tar:///Users/nicholasbond/tmp/npm-40057-6B771bG9/1389905441836-0.5556479808874428/package
74 silly lockFile 8e9ad059-41836-0-5556479808874428-package tar:///Users/nicholasbond/tmp/npm-40057-6B771bG9/1389905441836-0.5556479808874428/package
75 silly lockFile 88b0bb02-nd-npm-ios-sim-1-8-2-package-tgz tar:///Users/nicholasbond/.npm/ios-sim/1.8.2/package.tgz
76 silly lockFile 88b0bb02-nd-npm-ios-sim-1-8-2-package-tgz tar:///Users/nicholasbond/.npm/ios-sim/1.8.2/package.tgz
77 silly lockFile 772a3476-asbond-npm-ios-sim-1-8-2-package /Users/nicholasbond/.npm/ios-sim/1.8.2/package
78 verbose lock /Users/nicholasbond/.npm/ios-sim/1.8.2/package /Users/nicholasbond/.npm/772a3476-asbond-npm-ios-sim-1-8-2-package.lock
79 silly lockFile 772a3476-asbond-npm-ios-sim-1-8-2-package /Users/nicholasbond/.npm/ios-sim/1.8.2/package
80 silly lockFile 772a3476-asbond-npm-ios-sim-1-8-2-package /Users/nicholasbond/.npm/ios-sim/1.8.2/package
81 verbose tar unpack /Users/nicholasbond/.npm/ios-sim/1.8.2/package.tgz
82 silly lockFile 938f4ee5-asbond-npm-ios-sim-1-8-2-package tar:///Users/nicholasbond/.npm/ios-sim/1.8.2/package
83 verbose lock tar:///Users/nicholasbond/.npm/ios-sim/1.8.2/package /Users/nicholasbond/.npm/938f4ee5-asbond-npm-ios-sim-1-8-2-package.lock
84 silly lockFile 88b0bb02-nd-npm-ios-sim-1-8-2-package-tgz tar:///Users/nicholasbond/.npm/ios-sim/1.8.2/package.tgz
85 verbose lock tar:///Users/nicholasbond/.npm/ios-sim/1.8.2/package.tgz /Users/nicholasbond/.npm/88b0bb02-nd-npm-ios-sim-1-8-2-package-tgz.lock
86 silly gunzTarPerm modes [ '755', '644' ]
87 silly gunzTarPerm extractEntry package.json
88 silly gunzTarPerm extractEntry .npmignore
89 silly gunzTarPerm extractEntry README.md
90 silly gunzTarPerm extractEntry LICENSE
91 silly gunzTarPerm extractEntry README.template.md
92 silly gunzTarPerm extractEntry Rakefile
93 silly gunzTarPerm extractEntry iPhoneSimulatorRemoteClient/iPhoneSimulatorRemoteClient.h
94 silly gunzTarPerm extractEntry ios-sim.xcconfig
95 silly gunzTarPerm extractEntry ios-sim.xcodeproj/.npmignore
96 silly gunzTarPerm extractEntry ios-sim.xcodeproj/project.pbxproj
97 silly gunzTarPerm extractEntry ios-sim_Prefix.pch
98 silly gunzTarPerm extractEntry Source/.npmignore
99 silly gunzTarPerm extractEntry Source/NSString+expandPath.h
100 silly gunzTarPerm extractEntry Source/NSString+expandPath.m
101 silly gunzTarPerm extractEntry Source/iPhoneSimulator.h
102 silly gunzTarPerm extractEntry Source/iPhoneSimulator.m
103 silly gunzTarPerm extractEntry Source/main.m
104 silly gunzTarPerm extractEntry Source/nsprintf.h
105 silly gunzTarPerm extractEntry Source/nsprintf.m
106 silly gunzTarPerm extractEntry Source/version.h
107 silly lockFile 938f4ee5-asbond-npm-ios-sim-1-8-2-package tar:///Users/nicholasbond/.npm/ios-sim/1.8.2/package
108 silly lockFile 938f4ee5-asbond-npm-ios-sim-1-8-2-package tar:///Users/nicholasbond/.npm/ios-sim/1.8.2/package
109 silly lockFile 88b0bb02-nd-npm-ios-sim-1-8-2-package-tgz tar:///Users/nicholasbond/.npm/ios-sim/1.8.2/package.tgz
110 silly lockFile 88b0bb02-nd-npm-ios-sim-1-8-2-package-tgz tar:///Users/nicholasbond/.npm/ios-sim/1.8.2/package.tgz
111 verbose chmod /Users/nicholasbond/.npm/ios-sim/1.8.2/package.tgz 644
112 verbose chown /Users/nicholasbond/.npm/ios-sim/1.8.2/package.tgz [ 501, 20 ]
113 silly lockFile d30bfba7-js-org-ios-sim-ios-sim-1-8-2-tgz https://registry.npmjs.org/ios-sim/-/ios-sim-1.8.2.tgz
114 silly lockFile d30bfba7-js-org-ios-sim-ios-sim-1-8-2-tgz https://registry.npmjs.org/ios-sim/-/ios-sim-1.8.2.tgz
115 silly lockFile 6feb539f-ios-sim-1-8-2 ios-sim@1.8.2
116 silly lockFile 6feb539f-ios-sim-1-8-2 ios-sim@1.8.2
117 silly lockFile 03dce7cc-ios-sim ios-sim@
118 silly lockFile 03dce7cc-ios-sim ios-sim@
119 silly resolved [ { name: 'ios-sim',
119 silly resolved     version: '1.8.2',
119 silly resolved     description: 'launch iOS apps into the iOS Simulator from the command line (Xcode 4)',
119 silly resolved     main: 'ios-sim',
119 silly resolved     scripts: { preinstall: 'rake build' },
119 silly resolved     bin: { 'ios-sim': 'build/Release/ios-sim' },
119 silly resolved     repository: { type: 'git', url: 'https://github.com/phonegap/ios-sim' },
119 silly resolved     keywords: [ 'ios-sim', 'iOS Simulator' ],
119 silly resolved     author: { name: 'Landon Fuller, Jeff Haynie, Eloy Duran, Shazron Abdullah' },
119 silly resolved     license: 'MIT',
119 silly resolved     readme: 'ios-sim\n=======\n\nThe ios-sim tool is a command-line utility that launches an iOS application on\nthe iOS Simulator. This allows for niceties such as automated testing without\nhaving to open XCode.\n\nFeatures\n--------\n\n* Choose the device family to simulate, i.e. iPhone or iPad.\n* Setup environment variables.\n* Pass arguments to the application.\n* See the stdout and stderr, or redirect them to files.\n\nSee the `--help` option for more info.\n\nInstallation\n------------\n\nThrough homebrew:\n\n    $ brew install ios-sim\n\nDownload an archive:\n\n    $ curl -L https://github.com/phonegap/ios-sim/zipball/1.8 -o ios-sim-1.8.zip\n    $ unzip ios-sim-1.8.zip\n\nOr from a git clone:\n\n    $ git clone git://github.com/phonegap/ios-sim.git\n\nThen build and install from the source root:\n\n    $ rake install prefix=/usr/local/\n\ntmux\n-----\n\nTo get ios-sim to launch correctly within tmux use the reattach-to-user-namespace wrapper.\n\n```\nreattach-to-user-namespace ios-sim launch ./build/MyTestApp.app\n```\n*source:* https://github.com/ChrisJohnsen/tmux-MacOSX-pasteboard\n\n*brew:*  ```brew install reattach-to-user-namespace```\n\nLicense\n-------\n\nOriginal author: Landon Fuller <landonf@plausiblelabs.com>\nCopyright (c) 2008-2011 Plausible Labs Cooperative, Inc.\nAll rights reserved.\n\nThis project is available under the MIT license. See [LICENSE][license].\n\n[license]: https://github.com/Fingertips/ios-sim/blob/master/LICENSE\n',
119 silly resolved     readmeFilename: 'README.md',
119 silly resolved     bugs: { url: 'https://github.com/phonegap/ios-sim/issues' },
119 silly resolved     homepage: 'https://github.com/phonegap/ios-sim',
119 silly resolved     _id: 'ios-sim@1.8.2',
119 silly resolved     dist: { shasum: 'c4adde6265f5880f0d2edbd5db839d8303ab2336' },
119 silly resolved     _from: 'ios-sim@',
119 silly resolved     _resolved: 'https://registry.npmjs.org/ios-sim/-/ios-sim-1.8.2.tgz' } ]
120 info install ios-sim@1.8.2 into /usr/local/lib
121 info installOne ios-sim@1.8.2
122 info /usr/local/lib/node_modules/ios-sim unbuild
123 verbose tar unpack /Users/nicholasbond/.npm/ios-sim/1.8.2/package.tgz
124 silly lockFile 5027580f-r-local-lib-node-modules-ios-sim tar:///usr/local/lib/node_modules/ios-sim
125 verbose lock tar:///usr/local/lib/node_modules/ios-sim /Users/nicholasbond/.npm/5027580f-r-local-lib-node-modules-ios-sim.lock
126 silly lockFile 88b0bb02-nd-npm-ios-sim-1-8-2-package-tgz tar:///Users/nicholasbond/.npm/ios-sim/1.8.2/package.tgz
127 verbose lock tar:///Users/nicholasbond/.npm/ios-sim/1.8.2/package.tgz /Users/nicholasbond/.npm/88b0bb02-nd-npm-ios-sim-1-8-2-package-tgz.lock
128 silly gunzTarPerm modes [ '755', '644' ]
129 silly gunzTarPerm extractEntry package.json
130 silly gunzTarPerm extractEntry .npmignore
131 silly gunzTarPerm extractEntry README.md
132 silly gunzTarPerm extractEntry LICENSE
133 silly gunzTarPerm extractEntry README.template.md
134 silly gunzTarPerm extractEntry Rakefile
135 silly gunzTarPerm extractEntry iPhoneSimulatorRemoteClient/iPhoneSimulatorRemoteClient.h
136 silly gunzTarPerm extractEntry ios-sim.xcconfig
137 silly gunzTarPerm extractEntry ios-sim.xcodeproj/.npmignore
138 silly gunzTarPerm extractEntry ios-sim.xcodeproj/project.pbxproj
139 silly gunzTarPerm extractEntry ios-sim_Prefix.pch
140 silly gunzTarPerm extractEntry Source/.npmignore
141 silly gunzTarPerm extractEntry Source/NSString+expandPath.h
142 silly gunzTarPerm extractEntry Source/NSString+expandPath.m
143 silly gunzTarPerm extractEntry Source/iPhoneSimulator.h
144 silly gunzTarPerm extractEntry Source/iPhoneSimulator.m
145 silly gunzTarPerm extractEntry Source/main.m
146 silly gunzTarPerm extractEntry Source/nsprintf.h
147 silly gunzTarPerm extractEntry Source/nsprintf.m
148 silly gunzTarPerm extractEntry Source/version.h
149 silly lockFile 5027580f-r-local-lib-node-modules-ios-sim tar:///usr/local/lib/node_modules/ios-sim
150 silly lockFile 5027580f-r-local-lib-node-modules-ios-sim tar:///usr/local/lib/node_modules/ios-sim
151 silly lockFile 88b0bb02-nd-npm-ios-sim-1-8-2-package-tgz tar:///Users/nicholasbond/.npm/ios-sim/1.8.2/package.tgz
152 silly lockFile 88b0bb02-nd-npm-ios-sim-1-8-2-package-tgz tar:///Users/nicholasbond/.npm/ios-sim/1.8.2/package.tgz
153 info preinstall ios-sim@1.8.2
154 verbose unsafe-perm in lifecycle false
155 info ios-sim@1.8.2 Failed to exec preinstall script
156 info /usr/local/lib/node_modules/ios-sim unbuild
157 info preuninstall ios-sim@1.8.2
158 info uninstall ios-sim@1.8.2
159 verbose true,/usr/local/lib/node_modules,/usr/local/lib/node_modules unbuild ios-sim@1.8.2
160 verbose /usr/local/bin,[object Object] binRoot
161 info postuninstall ios-sim@1.8.2
162 error ios-sim@1.8.2 preinstall: `rake build`
162 error Exit status 1
163 error Failed at the ios-sim@1.8.2 preinstall script.
163 error This is most likely a problem with the ios-sim package,
163 error not with npm itself.
163 error Tell the author that this fails on your system:
163 error     rake build
163 error You can get their info via:
163 error     npm owner ls ios-sim
163 error There is likely additional logging output above.
164 error System Darwin 13.0.0
165 error command "/usr/local/Cellar/node/0.10.24/bin/node" "/usr/local/bin/npm" "install" "ios-sim" "-g"
166 error cwd /Users/nicholasbond/Dropbox/SeniorProject/usf
167 error node -v v0.10.24
168 error npm -v 1.3.21
169 error code ELIFECYCLE
170 verbose exit [ 1, true ]
